<?xml version="1.0" encoding="UTF-8"?>
<testsuite xmlns:xsi="http://www.w3.org/2001/XMLSchema-instance" xsi:noNamespaceSchemaLocation="https://maven.apache.org/surefire/maven-surefire-plugin/xsd/surefire-test-report-3.0.xsd" version="3.0" name="client.ClientTests" time="4.211" tests="5" errors="0" skipped="0" failures="0">
  <properties>
[...]
</properties>
  <testcase name="testMultipleClients" classname="client.ClientTests" time="0.296">
    <system-out><![CDATA[Server waiting for clients on port 12345...
Client connected: 127.0.0.1
Client connected: 127.0.0.1
Client connected: 127.0.0.1
Client connected: 127.0.0.1
Client connected: 127.0.0.1
userMultiCli0 authenticated!
userMultiCli1 authenticated!
userMultiCli2 authenticated!
userMultiCli4 authenticated!
userMultiCli3 authenticated!
User logged out. Number of active sessions: 3
User logged out. Number of active sessions: 2
User logged out. Number of active sessions: 3
User logged out. Number of active sessions: 1
User logged out. Number of active sessions: 0
]]></system-out>
  </testcase>
  <testcase name="testPutAndGetCommand" classname="client.ClientTests" time="0.35">
    <system-out><![CDATA[Client connected: 127.0.0.1
userPutAndGet authenticated!
User logged out. Number of active sessions: 0
]]></system-out>
  </testcase>
  <testcase name="testHighConcurrency" classname="client.ClientTests" time="0.898">
    <system-out><![CDATA[Client connected: 127.0.0.1
Client connected: 127.0.0.1
Client connected: 127.0.0.1
Client connected: 127.0.0.1
Client connected: 127.0.0.1
Client connected: 127.0.0.1
Client connected: 127.0.0.1
Client connected: 127.0.0.1
Client connected: 127.0.0.1
Client connected: 127.0.0.1
Client connected: 127.0.0.1
Client connected: 127.0.0.1
Client connected: 127.0.0.1
Client connected: 127.0.0.1
Client connected: 127.0.0.1
Client connected: 127.0.0.1
Client connected: 127.0.0.1
Client connected: 127.0.0.1
userHigh2 authenticated!
userHigh9 authenticated!
userHigh4 authenticated!
userHigh3 authenticated!
userHigh8 authenticated!
userHigh5 authenticated!
userHigh11 authenticated!
userHigh7 authenticated!
userHigh6 authenticated!
userHigh1 authenticated!
Client connected: 127.0.0.1
Client connected: 127.0.0.1
Client connected: 127.0.0.1
Client connected: 127.0.0.1
Client connected: 127.0.0.1
Client connected: 127.0.0.1
Client connected: 127.0.0.1
Client connected: 127.0.0.1
Client connected: 127.0.0.1
Client connected: 127.0.0.1
Client connected: 127.0.0.1
Client connected: 127.0.0.1
Client connected: 127.0.0.1
Client connected: 127.0.0.1
Client connected: 127.0.0.1
Client connected: 127.0.0.1
Client connected: 127.0.0.1
Client connected: 127.0.0.1
Client connected: 127.0.0.1
Client connected: 127.0.0.1
Client connected: 127.0.0.1
Client connected: 127.0.0.1
Client connected: 127.0.0.1
Client connected: 127.0.0.1
Client connected: 127.0.0.1
Client connected: 127.0.0.1
Client connected: 127.0.0.1
Client connected: 127.0.0.1
Client connected: 127.0.0.1
Client connected: 127.0.0.1
Client connected: 127.0.0.1
Client connected: 127.0.0.1
User logged out. Number of active sessions: 9
userHigh16 authenticated!
userHigh14 authenticated!
User logged out. Number of active sessions: 9
User logged out. Number of active sessions: 9
userHigh13 authenticated!
User logged out. Number of active sessions: 7
userHigh10 authenticated!
User logged out. Number of active sessions: 7
userHigh12 authenticated!
User logged out. Number of active sessions: 8
userHigh0 authenticated!
User logged out. Number of active sessions: 9
userHigh17 authenticated!
User logged out. Number of active sessions: 9
User logged out. Number of active sessions: 8
userHigh15 authenticated!
userHigh18 authenticated!
User logged out. Number of active sessions: 9
userHigh19 authenticated!
User logged out. Number of active sessions: 9
userHigh20 authenticated!
User logged out. Number of active sessions: 9
userHigh21 authenticated!
User logged out. Number of active sessions: 9
User logged out. Number of active sessions: 8
userHigh40 authenticated!
userHigh22 authenticated!
User logged out. Number of active sessions: 9
userHigh33 authenticated!
User logged out. Number of active sessions: 8
User logged out. Number of active sessions: 9
userHigh31 authenticated!
userHigh41 authenticated!
User logged out. Number of active sessions: 9
User logged out. Number of active sessions: 7
User logged out. Number of active sessions: 8
userHigh25 authenticated!
userHigh43 authenticated!
userHigh37 authenticated!
User logged out. Number of active sessions: 7
User logged out. Number of active sessions: 8
User logged out. Number of active sessions: 8
userHigh36 authenticated!
userHigh45 authenticated!
userHigh32 authenticated!
User logged out. Number of active sessions: 8
User logged out. Number of active sessions: 7
User logged out. Number of active sessions: 9
userHigh38 authenticated!
userHigh48 authenticated!
userHigh26 authenticated!
User logged out. Number of active sessions: 10
userHigh29 authenticated!
User logged out. Number of active sessions: 9
User logged out. Number of active sessions: 9
userHigh28 authenticated!
User logged out. Number of active sessions: 8
userHigh47 authenticated!
userHigh27 authenticated!
User logged out. Number of active sessions: 9
userHigh34 authenticated!
User logged out. Number of active sessions: 9
userHigh46 authenticated!
User logged out. Number of active sessions: 9
User logged out. Number of active sessions: 9
userHigh23 authenticated!
userHigh30 authenticated!
User logged out. Number of active sessions: 9
userHigh42 authenticated!
User logged out. Number of active sessions: 9
userHigh24 authenticated!
userHigh44 authenticated!
User logged out. Number of active sessions: 9
User logged out. Number of active sessions: 7
User logged out. Number of active sessions: 8
User logged out. Number of active sessions: 8
userHigh39 authenticated!
userHigh49 authenticated!
userHigh35 authenticated!
User logged out. Number of active sessions: 9
User logged out. Number of active sessions: 8
User logged out. Number of active sessions: 7
User logged out. Number of active sessions: 6
User logged out. Number of active sessions: 5
User logged out. Number of active sessions: 4
User logged out. Number of active sessions: 3
User logged out. Number of active sessions: 1
User logged out. Number of active sessions: 2
User logged out. Number of active sessions: 0
]]></system-out>
  </testcase>
  <testcase name="testMultiPutAndMultiGet" classname="client.ClientTests" time="0.361">
    <system-out><![CDATA[Client connected: 127.0.0.1
userMulti authenticated!
User logged out. Number of active sessions: 0
]]></system-out>
  </testcase>
  <testcase name="testInvalidInputs" classname="client.ClientTests" time="0.247">
    <system-out><![CDATA[Client connected: 127.0.0.1
userInvalid authenticated!
User logged out. Number of active sessions: 0
]]></system-out>
  </testcase>
</testsuite>